<component name="libraryTable">
  <library name="jUnitTest-0.0.1-SNAPSHOT">
    <CLASSES>
      <root url="jar://$USER_HOME$/OneDrive/Documents/didiApproach/didiApproach/junit_test/target/jUnitTest-0.0.1-SNAPSHOT.jar!/" />
    </CLASSES>
    <JAVADOC />
    <SOURCES />
  </library>
</component>